stitchcounter/build/app/outputs/mapping/release/seeds.txt
com.example.stitchcounter.MainActivity
com.example.stitchcounter.MainActivity: MainActivity()
...
androidx.window.extensions.core.util.function.Consumer
io.flutter.view.TextureRegistry$ImageTextureEntry
kotlinx.coroutines.internal.StackTraceRecoveryKt
kotlin.internal.jdk7.JDK7PlatformImplementations
io.flutter.embedding.engine.mutatorsstack.FlutterMutatorsStack
io.flutter.embedding.engine.FlutterOverlaySurface
androidx.startup.InitializationProvider
androidx.core.app.RemoteActionCompat
androidx.window.area.reflectionguard.ExtensionWindowAreaPresentationRequirements
androidx.window.extensions.core.util.function.Predicate
io.flutter.view.TextureRegistry$SurfaceProducer
androidx.window.area.reflectionguard.ExtensionWindowAreaStatusRequirements
androidx.profileinstaller.ProfileInstallerInitializer
io.flutter.view.TextureRegistry$ImageConsumer
io.flutter.view.FlutterCallbackInformation
androidx.window.extensions.core.util.function.Function
io.flutter.embedding.engine.renderer.FlutterRenderer$ImageReaderSurfaceProducer
io.flutter.embedding.engine.renderer.SurfaceTextureWrapper
kotlin.internal.jdk8.JDK8PlatformImplementations
androidx.versionedparcelable.CustomVersionedParcelable
io.flutter.view.TextureRegistry$SurfaceTextureEntry
io.flutter.embedding.engine.plugins.lifecycle.HiddenLifecycleReference
androidx.versionedparcelable.ParcelImpl
androidx.annotation.Keep
androidx.window.layout.adapter.sidecar.DistinctElementSidecarCallback
io.flutter.view.TextureRegistry$GLTextureConsumer
io.flutter.plugin.editing.ImeSyncDeferringInsetsCallback
kotlin.coroutines.jvm.internal.BaseContinuationImpl
androidx.window.area.reflectionguard.WindowAreaComponentApi2Requirements
androidx.core.graphics.drawable.IconCompat
io.flutter.plugins.GeneratedPluginRegistrant
androidx.core.graphics.drawable.IconCompatParcelizer
android.support.v4.graphics.drawable.IconCompatParcelizer
androidx.window.layout.adapter.sidecar.SidecarCompat$TranslatingCallback
io.flutter.embedding.engine.renderer.FlutterRenderer$ImageTextureRegistryEntry
io.flutter.view.AccessibilityViewEmbedder
io.flutter.plugin.editing.ImeSyncDeferringInsetsCallback$AnimationCallback
androidx.core.app.RemoteActionCompatParcelizer
androidx.window.area.reflectionguard.WindowAreaComponentApi3Requirements
androidx.lifecycle.ProcessLifecycleInitializer
kotlinx.coroutines.android.AndroidDispatcherFactory
android.support.v4.app.RemoteActionCompatParcelizer
androidx.core.app.CoreComponentFactory
io.flutter.plugin.text.ProcessTextPlugin
androidx.profileinstaller.ProfileInstallReceiver
io.flutter.embedding.engine.FlutterJNI
io.flutter.plugin.platform.SingleViewPresentation
androidx.versionedparcelable.ParcelImpl: android.os.Parcelable$Creator CREATOR
kotlinx.coroutines.channels.BufferedChannel: long completedExpandBuffersAndPauseFlag
io.flutter.plugin.platform.SingleViewPresentation: java.lang.String TAG
io.flutter.embedding.engine.renderer.FlutterRenderer$ImageReaderSurfaceProducer: java.util.HashMap perImageReaders
io.flutter.embedding.engine.renderer.FlutterRenderer$ImageReaderSurfaceProducer: long lastScheduleTime
kotlinx.coroutines.scheduling.CoroutineScheduler: long controlState
kotlinx.coroutines.internal.LockFreeLinkedListNode: java.lang.Object _next
io.flutter.view.AccessibilityViewEmbedder: io.flutter.view.AccessibilityViewEmbedder$ReflectionAccessors reflectionAccessors
kotlinx.coroutines.EventLoopImplBase: java.lang.Object _delayed
kotlinx.coroutines.CancellableContinuationImpl: int _decisionAndIndex
io.flutter.embedding.engine.renderer.FlutterRenderer$ImageReaderSurfaceProducer: io.flutter.embedding.engine.renderer.FlutterRenderer this$0
androidx.lifecycle.Lifecycle$Event: androidx.lifecycle.Lifecycle$Event ON_STOP
io.flutter.embedding.engine.FlutterJNI: boolean loadLibraryCalled
io.flutter.view.AccessibilityViewEmbedder: java.util.Map originToFlutterId
kotlinx.coroutines.android.HandlerContext: kotlinx.coroutines.android.HandlerContext _immediate
io.flutter.embedding.engine.renderer.FlutterRenderer$ImageReaderSurfaceProducer: int requestedHeight