stitchcounter/build/app/outputs/mapping/release/mapping.txt
# compiler: R8
# compiler_version: 8.1.56
# min_api: 21
# common_typos_disable
# {"id":"com.android.tools.r8.mapping","version":"2.2"}
# pg_map_id: bff01bd
# pg_map_hash: SHA-256 bff01bde354ed905847cdcc215aadcb0f3f5fda37a807915079c87fae61b1ef8
com.example.stitchcounter.MainActivity -> com.example.stitchcounter.MainActivity:
    boolean io.flutter.embedding.android.FlutterActivity.hasRegisteredBackCallback -> a
    io.flutter.embedding.android.FlutterActivityAndFragmentDelegate io.flutter.embedding.android.FlutterActivity.delegate -> b
    androidx.lifecycle.LifecycleRegistry io.flutter.embedding.android.FlutterActivity.lifecycle -> c
    android.window.OnBackInvokedCallback io.flutter.embedding.android.FlutterActivity.onBackInvokedCallback -> d
    int io.flutter.embedding.android.FlutterActivity.FLUTTER_VIEW_ID -> e
    1:1:void io.flutter.embedding.android.FlutterActivity.<clinit>():0:0 -> <clinit>
    1:18:void io.flutter.embedding.android.FlutterActivity.<init>():0:0 -> <init>
    1:18:void <init>():0 -> <init>
    19:29:android.window.OnBackInvokedCallback io.flutter.embedding.android.FlutterActivity.createOnBackInvokedCallback():0:0 -> <init>
    19:29:void io.flutter.embedding.android.FlutterActivity.<init>():0 -> <init>
    19:29:void <init>():0 -> <init>
    30:39:void io.flutter.embedding.android.FlutterActivity.<init>():0:0 -> <init>
    30:39:void <init>():0 -> <init>
    3:10:void io.flutter.embedding.android.FlutterActivity.updateBackGestureProgress(android.window.BackEvent):0:0 -> A
    3:10:void updateBackGestureProgress(android.window.BackEvent):0 -> A
      # {"id":"com.android.tools.r8.synthesized"}
...
kotlinx.coroutines.Unconfined -> f1.d1:
    int $r8$clinit -> e
    1:1:void <clinit>():0:0 -> <clinit>
    1:1:void dispatch(kotlin.coroutines.CoroutineContext,java.lang.Runnable):0:0 -> c
      # {"id":"com.android.tools.r8.residualsignature","signature":"(Lr0/i;Ljava/lang/Runnable;)V"}
    1:1:java.lang.String toString():0:0 -> toString
kotlinx.coroutines.UndispatchedMarker -> f1.e1:
    kotlinx.coroutines.UndispatchedMarker INSTANCE -> c
    1:1:void <clinit>():0:0 -> <clinit>
    1:5:java.lang.Object kotlin.coroutines.CoroutineContext$Element$DefaultImpls.fold(kotlin.coroutines.CoroutineContext$Element,java.lang.Object,kotlin.jvm.functions.Function2):0:0 -> f
    1:5:java.lang.Object fold(java.lang.Object,kotlin.jvm.functions.Function2):0 -> f
      # {"id":"com.android.tools.r8.residualsignature","signature":"(Ljava/lang/Object;Lx0/p;)Ljava/lang/Object;"}
    1:1:kotlin.coroutines.CoroutineContext minusKey(kotlin.coroutines.CoroutineContext$Key):0:0 -> g
      # {"id":"com.android.tools.r8.residualsignature","signature":"(Lr0/h;)Lr0/i;"}
    1:1:kotlin.coroutines.CoroutineContext$Key getKey():0:0 -> getKey
      # {"id":"com.android.tools.r8.residualsignature","signature":"()Lr0/h;"}
    3:10:kotlin.coroutines.CoroutineContext kotlin.coroutines.CoroutineContext$Element$DefaultImpls.plus(kotlin.coroutines.CoroutineContext$Element,kotlin.coroutines.CoroutineContext):0:0 -> h
    3:10:kotlin.coroutines.CoroutineContext plus(kotlin.coroutines.CoroutineContext):0 -> h
      # {"id":"com.android.tools.r8.residualsignature","signature":"(Lr0/i;)Lr0/i;"}
    1:1:kotlin.coroutines.CoroutineContext$Element get(kotlin.coroutines.CoroutineContext$Key):0:0 -> n
      # {"id":"com.android.tools.r8.residualsignature","signature":"(Lr0/h;)Lr0/g;"}
kotlinx.coroutines.Waiter -> f1.f1:
    void invokeOnCancellation(kotlinx.coroutines.internal.Segment,int) -> a
      # {"id":"com.android.tools.r8.residualsignature","signature":"(Lk1/v;I)V"}
kotlinx.coroutines.YieldContext -> f1.g1:
    kotlinx.coroutines.YieldContext$Key Key -> d
    3:5:void kotlinx.coroutines.CoroutineId$Key.<init>(kotlin.jvm.internal.DefaultConstructorMarker):0:0 -> <clinit>
    3:5:void <clinit>():0 -> <clinit>
    6:8:void <clinit>():0:0 -> <clinit>
kotlinx.coroutines.android.AndroidDispatcherFactory -> g1.a:
    void <init>() -> <init>
    1:1:java.lang.String hintOnError():0:0 -> a
    1:1:int getLoadPriority():0:0 -> b
    1:1:kotlinx.coroutines.MainCoroutineDispatcher createDispatcher(java.util.List):0:0 -> c
      # {"id":"com.android.tools.r8.residualsignature","signature":"(Ljava/util/List;)Lf1/v0;"}
kotlinx.coroutines.android.AndroidExceptionPreHandler -> g1.b:
    1:1:void <init>():0:0 -> <init>
    18:67:java.lang.reflect.Method kotlinx.coroutines.android.AndroidExceptionPreHandler.preHandler():0:0 -> c
    18:67:void handleException(kotlin.coroutines.CoroutineContext,java.lang.Throwable):0 -> c
      # {"id":"com.android.tools.r8.residualsignature","signature":"(Lr0/i;Ljava/lang/Throwable;)V"}
    68:90:void handleException(kotlin.coroutines.CoroutineContext,java.lang.Throwable):0:0 -> c